FILE_TYPE=LIBRARY_PARTS;
PRIMITIVE 'LSM0603453V','LSM0603453V_LEDs Chip';
  PIN
    'K':
      PIN_NUMBER='(1)';
      NO_LOAD_CHECK=BOTH;
      NO_IO_CHECK=BOTH;
      ALLOW_CONNECT=TRUE;
      PINUSE='UNSPEC';
    'A':
      PIN_NUMBER='(2)';
      NO_LOAD_CHECK=BOTH;
      NO_IO_CHECK=BOTH;
      ALLOW_CONNECT=TRUE;
      PINUSE='UNSPEC';
  END_PIN;
  BODY
    PART_NAME='LSM0603453V';
    PHYS_DES_PREFIX='LED';
    NO_LOAD_CHECK='TRUE';
    PIN_COUNT='2';
    BODY_NAME='LSM0603453V';
    JEDEC_TYPE='LEDC1608X55N';
  END_BODY;
END_PRIMITIVE;
END.
